swifto/app/build/outputs/logs/manifest-merger-release-report.txt
-- Merging decision tree log ---
manifest
ADDED from src\main\AndroidManifest.xml:1:1-205:12
	package
		ADDED from src\main\AndroidManifest.xml:2:5-31
		INJECTED from src\main\AndroidManifest.xml
		INJECTED from src\main\AndroidManifest.xml
	android:versionName
		ADDED from src\main\AndroidManifest.xml:5:5-42
		INJECTED from src\main\AndroidManifest.xml
		INJECTED from src\main\AndroidManifest.xml
	android:versionCode
		ADDED from src\main\AndroidManifest.xml:3:5-29
		INJECTED from src\main\AndroidManifest.xml
		INJECTED from src\main\AndroidManifest.xml
	xmlns:android
		ADDED from src\main\AndroidManifest.xml:1:11-69
	android:installLocation
		ADDED from src\main\AndroidManifest.xml:4:5-45
uses-sdk
ADDED from src\main\AndroidManifest.xml:7:5-9:41
MERGED from [com.android.support:multidex:1.0.1] AndroidManifest.xml:18:5-42
MERGED from [com.android.support:support-v4:22.2.0] AndroidManifest.xml:20:5-43
MERGED from [com.google.android.gms:play-services-maps:8.3.0] AndroidManifest.xml:26:5-42
MERGED from [com.google.android.gms:play-services-base:8.3.0] AndroidManifest.xml:18:5-42
MERGED from [com.google.android.gms:play-services-basement:8.3.0] AndroidManifest.xml:18:5-42
MERGED from [com.android.support:support-v4:22.2.0] AndroidManifest.xml:20:5-43
MERGED from [com.google.android.gms:play-services-location:8.3.0] AndroidManifest.xml:18:5-42
MERGED from [com.google.android.gms:play-services-base:8.3.0] AndroidManifest.xml:18:5-42
MERGED from [com.google.android.gms:play-services-basement:8.3.0] AndroidManifest.xml:18:5-42
MERGED from [com.android.support:support-v4:22.2.0] AndroidManifest.xml:20:5-43
MERGED from [com.google.android.gms:play-services-maps:8.3.0] AndroidManifest.xml:26:5-42
MERGED from [com.google.android.gms:play-services-base:8.3.0] AndroidManifest.xml:18:5-42
MERGED from [com.google.android.gms:play-services-basement:8.3.0] AndroidManifest.xml:18:5-42
MERGED from [com.android.support:support-v4:22.2.0] AndroidManifest.xml:20:5-43
MERGED from [com.google.android.gms:play-services-identity:8.3.0] AndroidManifest.xml:18:5-42
MERGED from [com.google.android.gms:play-services-base:8.3.0] AndroidManifest.xml:18:5-42
MERGED from [com.google.android.gms:play-services-basement:8.3.0] AndroidManifest.xml:18:5-42
MERGED from [com.android.support:support-v4:22.2.0] AndroidManifest.xml:20:5-43
MERGED from [com.android.support:multidex:1.0.1] AndroidManifest.xml:18:5-42
	android:targetSdkVersion
		ADDED from src\main\AndroidManifest.xml:9:9-38
		INJECTED from src\main\AndroidManifest.xml
		INJECTED from src\main\AndroidManifest.xml
	android:minSdkVersion
		ADDED from src\main\AndroidManifest.xml:8:9-35
		INJECTED from src\main\AndroidManifest.xml
		INJECTED from src\main\AndroidManifest.xml
permission#com.haski.swifto.permission.MAPS_RECEIVE
ADDED from src\main\AndroidManifest.xml:11:6-13:47
	android:protectionLevel
		ADDED from src\main\AndroidManifest.xml:13:9-44
	android:name
		ADDED from src\main\AndroidManifest.xml:12:9-64
uses-permission#com.haski.swifto.permission.MAPS_RECEIVE
ADDED from src\main\AndroidManifest.xml:15:5-80
	android:name
		ADDED from src\main\AndroidManifest.xml:15:22-77
uses-permission#android.permission.INTERNET
ADDED from src\main\AndroidManifest.xml:18:5-67
MERGED from [com.google.android.gms:play-services-maps:8.3.0] AndroidManifest.xml:21:5-66
MERGED from [com.google.android.gms:play-services-maps:8.3.0] AndroidManifest.xml:21:5-66
	android:name
		ADDED from src\main\AndroidManifest.xml:18:22-64
uses-permission#android.permission.ACCESS_COARSE_LOCATION
ADDED from src\main\AndroidManifest.xml:19:5-81
	android:name
		ADDED from src\main\AndroidManifest.xml:19:22-78
uses-permission#android.permission.ACCESS_FINE_LOCATION
ADDED from src\main\AndroidManifest.xml:20:5-79
	android:name
		ADDED from src\main\AndroidManifest.xml:20:22-76
uses-permission#android.permission.ACCESS_NETWORK_STATE
ADDED from src\main\AndroidManifest.xml:21:5-79
MERGED from [com.google.android.gms:play-services-maps:8.3.0] AndroidManifest.xml:20:5-78
MERGED from [com.google.android.gms:play-services-maps:8.3.0] AndroidManifest.xml:20:5-78
	android:name
		ADDED from src\main\AndroidManifest.xml:21:22-76
uses-permission#android.permission.READ_EXTERNAL_STORAGE
ADDED from src\main\AndroidManifest.xml:22:5-80
	android:name
		ADDED from src\main\AndroidManifest.xml:22:22-77
uses-permission#android.permission.WRITE_EXTERNAL_STORAGE
ADDED from src\main\AndroidManifest.xml:23:5-81
	android:name
		ADDED from src\main\AndroidManifest.xml:23:22-78
uses-permission#android.permission.CAMERA
ADDED from src\main\AndroidManifest.xml:24:5-65
	android:name
		ADDED from src\main\AndroidManifest.xml:24:22-62
uses-permission#android.permission.MOUNT_UNMOUNT_FILESYSTEMS
ADDED from src\main\AndroidManifest.xml:26:5-83
	android:name
		ADDED from src\main\AndroidManifest.xml:26:22-81
uses-feature#android.hardware.camera
ADDED from src\main\AndroidManifest.xml:28:5-60
	android:name
		ADDED from src\main\AndroidManifest.xml:28:19-57
uses-permission#android.permission.WAKE_LOCK
ADDED from src\main\AndroidManifest.xml:30:5-68
	android:name
		ADDED from src\main\AndroidManifest.xml:30:22-65
uses-permission#android.permission.VIBRATE
ADDED from src\main\AndroidManifest.xml:31:5-66
	android:name
		ADDED from src\main\AndroidManifest.xml:31:22-63
uses-permission#android.permission.RECEIVE_BOOT_COMPLETED
ADDED from src\main\AndroidManifest.xml:32:5-80
	android:name
		ADDED from src\main\AndroidManifest.xml:32:22-78
action#android.location.PROVIDERS_CHANGED
ADDED from src\main\AndroidManifest.xml:34:5-65
	android:name
		ADDED from src\main\AndroidManifest.xml:34:13-62
application
ADDED from src\main\AndroidManifest.xml:36:5-203:19
MERGED from [com.android.support:support-v4:22.2.0] AndroidManifest.xml:22:5-20
MERGED from [com.google.android.gms:play-services-maps:8.3.0] AndroidManifest.xml:27:5-20
MERGED from [com.google.android.gms:play-services-basement:8.3.0] AndroidManifest.xml:20:5-24:19
MERGED from [com.android.support:support-v4:22.2.0] AndroidManifest.xml:22:5-20
MERGED from [com.google.android.gms:play-services-location:8.3.0] AndroidManifest.xml:19:5-20
MERGED from [com.google.android.gms:play-services-basement:8.3.0] AndroidManifest.xml:20:5-24:19
MERGED from [com.android.support:support-v4:22.2.0] AndroidManifest.xml:22:5-20
MERGED from [com.google.android.gms:play-services-maps:8.3.0] AndroidManifest.xml:27:5-20
MERGED from [com.google.android.gms:play-services-basement:8.3.0] AndroidManifest.xml:20:5-24:19
MERGED from [com.android.support:support-v4:22.2.0] AndroidManifest.xml:22:5-20
MERGED from [com.google.android.gms:play-services-identity:8.3.0] AndroidManifest.xml:19:5-20
MERGED from [com.google.android.gms:play-services-basement:8.3.0] AndroidManifest.xml:20:5-24:19
MERGED from [com.android.support:support-v4:22.2.0] AndroidManifest.xml:22:5-20
	android:label
		ADDED from src\main\AndroidManifest.xml:39:9-41
	android:icon
		ADDED from src\main\AndroidManifest.xml:38:9-45
	android:largeHeap
		ADDED from src\main\AndroidManifest.xml:40:9-33
	android:theme
		ADDED from src\main\AndroidManifest.xml:42:9-48
	android:name
		ADDED from src\main\AndroidManifest.xml:37:9-41
uses-library#com.google.android.maps
ADDED from src\main\AndroidManifest.xml:43:9-45:39
	android:required
		ADDED from src\main\AndroidManifest.xml:45:13-36
	android:name
		ADDED from src\main\AndroidManifest.xml:44:13-51
service#com.haski.swifto.requestQueue.SwiftoTaskService
ADDED from src\main\AndroidManifest.xml:48:9-51:19
	android:exported
		ADDED from src\main\AndroidManifest.xml:50:13-37
	android:name
		ADDED from src\main\AndroidManifest.xml:49:13-59
service#com.haski.swifto.util.photoUploadService.UploadPhotoService
ADDED from src\main\AndroidManifest.xml:59:9-62:19
	android:exported
		ADDED from src\main\AndroidManifest.xml:61:13-37
	android:name
		ADDED from src\main\AndroidManifest.xml:60:13-71
service#com.haski.swifto.service.GPSLocationIntentService
ADDED from src\main\AndroidManifest.xml:63:9-64:19
	android:name
		ADDED from src\main\AndroidManifest.xml:63:18-66
receiver#com.haski.swifto.service.GPSAlarmBroadcastReceiver
ADDED from src\main\AndroidManifest.xml:66:9-67:20
	android:name
		ADDED from src\main\AndroidManifest.xml:66:19-68
receiver#com.haski.swifto.service.GpsLocationReceiver
ADDED from src\main\AndroidManifest.xml:69:9-74:20
	android:name
		ADDED from src\main\AndroidManifest.xml:69:19-62
intent-filter#android.intent.category.DEFAULT+android.location.PROVIDERS_CHANGED
ADDED from src\main\AndroidManifest.xml:70:13-73:29
category#android.intent.category.DEFAULT
ADDED from src\main\AndroidManifest.xml:72:17-76
	android:name
		ADDED from src\main\AndroidManifest.xml:72:27-73
receiver#com.haski.swifto.service.ShutdownReceiver
ADDED from src\main\AndroidManifest.xml:76:9-83:20
	android:name
		ADDED from src\main\AndroidManifest.xml:76:19-59
intent-filter#android.intent.action.ACTION_SHUTDOWN
ADDED from src\main\AndroidManifest.xml:77:13-79:29
action#android.intent.action.ACTION_SHUTDOWN
ADDED from src\main\AndroidManifest.xml:78:17-80
	android:name
		ADDED from src\main\AndroidManifest.xml:78:25-77
intent-filter#android.intent.action.QUICKBOOT_POWEROFF
ADDED from src\main\AndroidManifest.xml:80:13-82:29
action#android.intent.action.QUICKBOOT_POWEROFF
ADDED from src\main\AndroidManifest.xml:81:17-83
	android:name
		ADDED from src\main\AndroidManifest.xml:81:25-80
receiver#com.haski.swifto.service.RestartReceiver
ADDED from src\main\AndroidManifest.xml:84:9-88:20
	android:name
		ADDED from src\main\AndroidManifest.xml:84:19-58
intent-filter#android.intent.action.BOOT_COMPLETED
ADDED from src\main\AndroidManifest.xml:85:13-87:29
action#android.intent.action.BOOT_COMPLETED
ADDED from src\main\AndroidManifest.xml:86:17-79
	android:name
		ADDED from src\main\AndroidManifest.xml:86:25-76
service#com.haski.swifto.service.WalkCompleteIntentService
ADDED from src\main\AndroidManifest.xml:93:9-94:19
	android:name
		ADDED from src\main\AndroidManifest.xml:93:18-67
service#com.haski.swifto.service.WalkMustBeStoppedIntentService
ADDED from src\main\AndroidManifest.xml:95:9-96:19
	android:name
		ADDED from src\main\AndroidManifest.xml:95:18-72
receiver#com.haski.swifto.service.WalkCompleteBroadcastReceiver
ADDED from src\main\AndroidManifest.xml:98:9-99:20
	android:name
		ADDED from src\main\AndroidManifest.xml:98:19-72
receiver#com.haski.swifto.service.WalkMustBeStoppedBroadcastReceiver
ADDED from src\main\AndroidManifest.xml:100:9-101:20
	android:name
		ADDED from src\main\AndroidManifest.xml:100:19-77
service#com.haski.swifto.service.HalfWalkIntentService
ADDED from src\main\AndroidManifest.xml:103:9-104:19
	android:name
		ADDED from src\main\AndroidManifest.xml:103:18-63
service#com.haski.swifto.service.AfterWalkIntentService
ADDED from src\main\AndroidManifest.xml:106:9-107:19
	android:name
		ADDED from src\main\AndroidManifest.xml:106:18-64
receiver#com.haski.swifto.service.HalfWalkBroadcastReceiver
ADDED from src\main\AndroidManifest.xml:109:9-110:20
	android:name
		ADDED from src\main\AndroidManifest.xml:109:19-68
receiver#com.haski.swifto.service.AfterWalkBroadcastReceiver
ADDED from src\main\AndroidManifest.xml:112:10-113:20
	android:name
		ADDED from src\main\AndroidManifest.xml:112:20-70
activity#org.acra.CrashReportDialog
ADDED from src\main\AndroidManifest.xml:115:9-121:20
	android:excludeFromRecents
		ADDED from src\main\AndroidManifest.xml:117:13-46
	android:launchMode
		ADDED from src\main\AndroidManifest.xml:119:13-48
	android:finishOnTaskLaunch
		ADDED from src\main\AndroidManifest.xml:118:13-46
	android:theme
		ADDED from src\main\AndroidManifest.xml:120:13-56
	android:name
		ADDED from src\main\AndroidManifest.xml:116:13-54
activity#com.haski.swifto.ui.HalfWalkDialogActivity
ADDED from src\main\AndroidManifest.xml:122:9-125:20
	android:theme
		ADDED from src\main\AndroidManifest.xml:124:13-83
	android:name
		ADDED from src\main\AndroidManifest.xml:123:13-54
activity#com.haski.swifto.ui.AfterWalkDialogActivity
ADDED from src\main\AndroidManifest.xml:127:9-130:20
	android:theme
		ADDED from src\main\AndroidManifest.xml:129:13-83
	android:name
		ADDED from src\main\AndroidManifest.xml:128:13-55
activity#com.haski.swifto.ui.SplashActivity
ADDED from src\main\AndroidManifest.xml:132:9-141:20
	android:screenOrientation
		ADDED from src\main\AndroidManifest.xml:134:13-49
	android:theme
		ADDED from src\main\AndroidManifest.xml:135:13-74
	android:name
		ADDED from src\main\AndroidManifest.xml:133:13-46
intent-filter#android.intent.action.MAIN+android.intent.category.LAUNCHER
ADDED from src\main\AndroidManifest.xml:136:13-140:29
action#android.intent.action.MAIN
ADDED from src\main\AndroidManifest.xml:137:17-69
	android:name
		ADDED from src\main\AndroidManifest.xml:137:25-66
category#android.intent.category.LAUNCHER
ADDED from src\main\AndroidManifest.xml:139:17-77
	android:name
		ADDED from src\main\AndroidManifest.xml:139:27-74
activity#com.haski.swifto.ui.LoginActivity
ADDED from src\main\AndroidManifest.xml:142:9-146:20
	android:screenOrientation
		ADDED from src\main\AndroidManifest.xml:144:13-49
	android:theme
		ADDED from src\main\AndroidManifest.xml:145:13-63
	android:name
		ADDED from src\main\AndroidManifest.xml:143:13-45
activity#com.haski.swifto.ui.ScheduleActivity
ADDED from src\main\AndroidManifest.xml:147:9-151:20
	android:screenOrientation
		ADDED from src\main\AndroidManifest.xml:149:13-49
	android:theme
		ADDED from src\main\AndroidManifest.xml:150:13-62
	android:name
		ADDED from src\main\AndroidManifest.xml:148:13-48
activity#com.haski.swifto.ui.WebViewActivity
ADDED from src\main\AndroidManifest.xml:152:9-157:20
	android:screenOrientation
		ADDED from src\main\AndroidManifest.xml:154:13-49
	android:launchMode
		ADDED from src\main\AndroidManifest.xml:155:13-43
	android:theme
		ADDED from src\main\AndroidManifest.xml:156:13-62
	android:name
		ADDED from src\main\AndroidManifest.xml:153:13-47
activity#com.haski.swifto.ui.ShareActivity
ADDED from src\main\AndroidManifest.xml:158:9-162:20
	android:screenOrientation
		ADDED from src\main\AndroidManifest.xml:160:13-49
	android:theme
		ADDED from src\main\AndroidManifest.xml:161:13-62
	android:name
		ADDED from src\main\AndroidManifest.xml:159:13-45
activity#com.haski.swifto.ui.ContactActivity
ADDED from src\main\AndroidManifest.xml:163:9-168:20
	android:screenOrientation
		ADDED from src\main\AndroidManifest.xml:165:13-49
	android:launchMode
		ADDED from src\main\AndroidManifest.xml:166:13-43
	android:theme
		ADDED from src\main\AndroidManifest.xml:167:13-62
	android:name
		ADDED from src\main\AndroidManifest.xml:164:13-47
activity#com.haski.swifto.ui.DogInfoActivity
ADDED from src\main\AndroidManifest.xml:170:9-175:20
	android:screenOrientation
		ADDED from src\main\AndroidManifest.xml:173:13-49
	android:launchMode
		ADDED from src\main\AndroidManifest.xml:172:13-43
	android:theme
		ADDED from src\main\AndroidManifest.xml:174:13-62
	android:name
		ADDED from src\main\AndroidManifest.xml:171:13-47
activity#com.haski.swifto.ui.WalkMapActivity
ADDED from src\main\AndroidManifest.xml:176:9-183:20
	android:screenOrientation
		ADDED from src\main\AndroidManifest.xml:180:13-49
	android:launchMode
		ADDED from src\main\AndroidManifest.xml:178:13-43
	android:windowSoftInputMode
		ADDED from src\main\AndroidManifest.xml:182:13-55
	android:theme
		ADDED from src\main\AndroidManifest.xml:179:13-62
	android:name
		ADDED from src\main\AndroidManifest.xml:177:13-47
activity#com.haski.swifto.ui.WalkEndActivity
ADDED from src\main\AndroidManifest.xml:184:9-189:20
	android:screenOrientation
		ADDED from src\main\AndroidManifest.xml:187:13-49
	android:launchMode
		ADDED from src\main\AndroidManifest.xml:186:13-43
	android:theme
		ADDED from src\main\AndroidManifest.xml:188:13-62
	android:name
		ADDED from src\main\AndroidManifest.xml:185:13-47
activity#com.haski.swifto.ui.OwnerMapActivity
ADDED from src\main\AndroidManifest.xml:190:9-194:20
	android:screenOrientation
		ADDED from src\main\AndroidManifest.xml:193:13-49
	android:theme
		ADDED from src\main\AndroidManifest.xml:192:14-63
	android:name
		ADDED from src\main\AndroidManifest.xml:191:13-48
meta-data#com.google.android.gms.version
ADDED from src\main\AndroidManifest.xml:196:9-197:69
MERGED from [com.google.android.gms:play-services-basement:8.3.0] AndroidManifest.xml:21:9-23:69
MERGED from [com.google.android.gms:play-services-basement:8.3.0] AndroidManifest.xml:21:9-23:69
MERGED from [com.google.android.gms:play-services-basement:8.3.0] AndroidManifest.xml:21:9-23:69
MERGED from [com.google.android.gms:play-services-basement:8.3.0] AndroidManifest.xml:21:9-23:69
	android:value
		ADDED from src\main\AndroidManifest.xml:197:13-66
	android:name
		ADDED from src\main\AndroidManifest.xml:196:20-65
meta-data#com.google.android.maps.v2.API_KEY
ADDED from src\main\AndroidManifest.xml:199:9-201:53
	android:value
		ADDED from src\main\AndroidManifest.xml:201:8-50
	android:name
		ADDED from src\main\AndroidManifest.xml:200:8-57
uses-feature#0x00020000
ADDED from [com.google.android.gms:play-services-maps:8.3.0] AndroidManifest.xml:22:5-24:33
MERGED from [com.google.android.gms:play-services-maps:8.3.0] AndroidManifest.xml:22:5-24:33
	android:glEsVersion
		ADDED from [com.google.android.gms:play-services-maps:8.3.0] AndroidManifest.xml:23:8-40
	android:required
		ADDED from [com.google.android.gms:play-services-maps:8.3.0] AndroidManifest.xml:24:8-31